0 info it worked if it ends with ok
1 verbose cli [ '/Users/RETINA/.nvm/versions/v5.1.1/bin/node',
1 verbose cli   '/Users/RETINA/.nvm/versions/v5.1.1/bin/npm',
1 verbose cli   'run',
1 verbose cli   'push' ]
2 info using npm@3.3.12
3 info using node@v5.1.1
4 verbose run-script [ 'prepush', 'push', 'postpush' ]
5 info lifecycle mike@0.0.0~prepush: mike@0.0.0
6 silly lifecycle mike@0.0.0~prepush: no script for prepush, continuing
7 info lifecycle mike@0.0.0~push: mike@0.0.0
8 verbose lifecycle mike@0.0.0~push: unsafe-perm in lifecycle true
9 verbose lifecycle mike@0.0.0~push: PATH: /Users/RETINA/.nvm/versions/v5.1.1/lib/node_modules/npm/bin/node-gyp-bin:/Users/RETINA/lighthousenew/FINAL/mikeapi/node_modules/.bin:/Users/RETINA/.nvm/versions/v5.1.1/bin:/usr/bin:/bin:/usr/sbin:/sbin:/usr/local/bin
10 verbose lifecycle mike@0.0.0~push: CWD: /Users/RETINA/lighthousenew/FINAL/mikeapi
11 silly lifecycle mike@0.0.0~push: Args: [ '-c',
11 silly lifecycle   'cd .. && git subtree push --prefix mikeapi heroku master' ]
12 silly lifecycle mike@0.0.0~push: Returned: code: 1  signal: null
13 info lifecycle mike@0.0.0~push: Failed to exec push script
14 verbose stack Error: mike@0.0.0 push: `cd .. && git subtree push --prefix mikeapi heroku master`
14 verbose stack Exit status 1
14 verbose stack     at EventEmitter.<anonymous> (/Users/RETINA/.nvm/versions/v5.1.1/lib/node_modules/npm/lib/utils/lifecycle.js:232:16)
14 verbose stack     at emitTwo (events.js:87:13)
14 verbose stack     at EventEmitter.emit (events.js:172:7)
14 verbose stack     at ChildProcess.<anonymous> (/Users/RETINA/.nvm/versions/v5.1.1/lib/node_modules/npm/lib/utils/spawn.js:24:14)
14 verbose stack     at emitTwo (events.js:87:13)
14 verbose stack     at ChildProcess.emit (events.js:172:7)
14 verbose stack     at maybeClose (internal/child_process.js:818:16)
14 verbose stack     at Process.ChildProcess._handle.onexit (internal/child_process.js:211:5)
15 verbose pkgid mike@0.0.0
16 verbose cwd /Users/RETINA/lighthousenew/FINAL/mikeapi
17 error Darwin 15.3.0
18 error argv "/Users/RETINA/.nvm/versions/v5.1.1/bin/node" "/Users/RETINA/.nvm/versions/v5.1.1/bin/npm" "run" "push"
19 error node v5.1.1
20 error npm  v3.3.12
21 error code ELIFECYCLE
22 error mike@0.0.0 push: `cd .. && git subtree push --prefix mikeapi heroku master`
22 error Exit status 1
23 error Failed at the mike@0.0.0 push script 'cd .. && git subtree push --prefix mikeapi heroku master'.
23 error Make sure you have the latest version of node.js and npm installed.
23 error If you do, this is most likely a problem with the mike package,
23 error not with npm itself.
23 error Tell the author that this fails on your system:
23 error     cd .. && git subtree push --prefix mikeapi heroku master
23 error You can get their info via:
23 error     npm owner ls mike
23 error There is likely additional logging output above.
24 verbose exit [ 1, true ]
